==============================================================================
Suites                                                                        
==============================================================================
Suites.DDT1                                                                   
==============================================================================
Right user empty pwd                                                  | PASS |
------------------------------------------------------------------------------
Right user wrong pwd                                                  | PASS |
------------------------------------------------------------------------------
wrong user right pwd                                                  | PASS |
------------------------------------------------------------------------------
wrong user empty pwd                                                  | PASS |
------------------------------------------------------------------------------
wrong user wrong pwd                                                  | PASS |
------------------------------------------------------------------------------
Suites.DDT1                                                           | PASS |
5 tests, 5 passed, 0 failed
==============================================================================
Suites                                                                | PASS |
5 tests, 5 passed, 0 failed
==============================================================================
Output:  C:\Users\Mansi Patel\PycharmProjects\pythonProject1\pythonProject\RF_project\pabot_results\4\output.xml
