==============================================================================
Suites                                                                        
==============================================================================
Suites.Tabledemo                                                              
==============================================================================
TestTable                                                             7
4
Master In Selenium
  
  Traceback (most recent call last):
    ~~~~~~~~~~~~~~~~~~~~~~~~~~~~~~~~~~~~~~~~~~~~~~~~~~~~~~~~~~~~~~~~~~~~~~~~~~
    File  C:\Users\Mansi Patel\PycharmProjects\pythonProject1\pythonProject\RF_project\TestCases\Tabledemo.robot:5
    T:  TestTable    
    ~~~~~~~~~~~~~~~~~~~~~~~~~~~~~~~~~~~~~~~~~~~~~~~~~~~~~~~~~~~~~~~~~~~~~~~~~~
    File  C:\Users\Mansi Patel\PycharmProjects\pythonProject1\pythonProject\RF_project\TestCases\Tabledemo.robot:19
      Table Cell Should Contain    xpath://table[@name='BookTable']/tbody/tr[5]/td[2]    5    2    Mukesh
______________________________________________________________________________
| FAIL |
Table with locator 'xpath://table[@name='BookTable']/tbody/tr[5]/td[2]' not found.
------------------------------------------------------------------------------
Suites.Tabledemo                                                      | FAIL |
1 test, 0 passed, 1 failed
==============================================================================
Suites                                                                | FAIL |
1 test, 0 passed, 1 failed
==============================================================================
Output:  C:\Users\Mansi Patel\PycharmProjects\pythonProject1\pythonProject\RF_project\pabot_results\19\output.xml
